<?xml version="1.0" encoding="UTF-8"?>
<testsuite xmlns:xsi="http://www.w3.org/2001/XMLSchema-instance" xsi:noNamespaceSchemaLocation="https://maven.apache.org/surefire/maven-surefire-plugin/xsd/surefire-test-report-3.0.xsd" version="3.0" name="com.ordertracking.orderservice.OrderServiceApplicationTests" time="8.545" tests="1" errors="0" skipped="0" failures="0">
  <properties>
[...]
</properties>
  <testcase name="contextLoads" classname="com.ordertracking.orderservice.OrderServiceApplicationTests" time="0.136">
    <system-out><![CDATA[18:29:57.208 [main] INFO org.springframework.test.context.support.AnnotationConfigContextLoaderUtils -- Could not detect default configuration classes for test class [com.ordertracking.orderservice.OrderServiceApplicationTests]: OrderServiceApplicationTests does not declare any static, non-private, non-final, nested classes annotated with @Configuration.
18:29:57.427 [main] INFO org.springframework.boot.test.context.SpringBootTestContextBootstrapper -- Found @SpringBootConfiguration com.ordertracking.orderservice.OrderServiceApplication for test class com.ordertracking.orderservice.OrderServiceApplicationTests

  .   ____          _            __ _ _
 /\\ / ___'_ __ _ _(_)_ __  __ _ \ \ \ \
( ( )\___ | '_ | '_| | '_ \/ _` | \ \ \ \
 \\/  ___)| |_)| | | | | || (_| |  ) ) ) )
  '  |____| .__|_| |_|_| |_\__, | / / / /
 =========|_|==============|___/=/_/_/_/
 :: Spring Boot ::                (v3.2.3)

{"timestamp":"2026-04-23T18:29:58.114+0000","level":"INFO","service":"unknown","traceId":"","requestId":"","userId":"","thread":"background-preinit","logger":"o.h.validator.internal.util.Version","message":"HV000001: Hibernate Validator 8.0.1.Final"}
{"timestamp":"2026-04-23T18:29:58.246+0000","level":"INFO","service":"unknown","traceId":"","requestId":"","userId":"","thread":"main","logger":"c.o.o.OrderServiceApplicationTests","message":"Starting OrderServiceApplicationTests using Java 17.0.18 with PID 6239 (started by runner in /home/runner/work/order-management-tracking-system/order-management-tracking-system/order-service)"}
{"timestamp":"2026-04-23T18:29:58.250+0000","level":"DEBUG","service":"unknown","traceId":"","requestId":"","userId":"","thread":"main","logger":"c.o.o.OrderServiceApplicationTests","message":"Running with Spring Boot v3.2.3, Spring v6.1.4"}
{"timestamp":"2026-04-23T18:29:58.250+0000","level":"INFO","service":"unknown","traceId":"","requestId":"","userId":"","thread":"main","logger":"c.o.o.OrderServiceApplicationTests","message":"No active profile set, falling back to 1 default profile: "default""}
{"timestamp":"2026-04-23T18:29:59.410+0000","level":"INFO","service":"unknown","traceId":"","requestId":"","userId":"","thread":"main","logger":"o.s.d.r.c.RepositoryConfigurationDelegate","message":"Bootstrapping Spring Data JPA repositories in DEFAULT mode."}
{"timestamp":"2026-04-23T18:29:59.502+0000","level":"INFO","service":"unknown","traceId":"","requestId":"","userId":"","thread":"main","logger":"o.s.d.r.c.RepositoryConfigurationDelegate","message":"Finished Spring Data repository scanning in 83 ms. Found 3 JPA repository interfaces."}
{"timestamp":"2026-04-23T18:29:59.736+0000","level":"INFO","service":"unknown","traceId":"","requestId":"","userId":"","thread":"main","logger":"o.s.b.t.a.j.TestDatabaseAutoConfiguration$EmbeddedDataSourceBeanFactoryPostProcessor","message":"Replacing 'dataSource' DataSource bean with embedded version"}
{"timestamp":"2026-04-23T18:29:59.816+0000","level":"INFO","service":"unknown","traceId":"","requestId":"","userId":"","thread":"main","logger":"o.s.cloud.context.scope.GenericScope","message":"BeanFactory id=7ba179fa-9991-3a65-ac0e-63c0b0176410"}
{"timestamp":"2026-04-23T18:30:01.443+0000","level":"INFO","service":"unknown","traceId":"","requestId":"","userId":"","thread":"main","logger":"o.s.j.d.e.EmbeddedDatabaseFactory","message":"Starting embedded database: url='jdbc:h2:mem:423cdf64-6bb5-4b92-919e-c195f5df5a52;DB_CLOSE_DELAY=-1;DB_CLOSE_ON_EXIT=false', username='sa'"}
{"timestamp":"2026-04-23T18:30:01.879+0000","level":"INFO","service":"unknown","traceId":"","requestId":"","userId":"","thread":"main","logger":"o.h.jpa.internal.util.LogHelper","message":"HHH000204: Processing PersistenceUnitInfo [name: default]"}
{"timestamp":"2026-04-23T18:30:01.953+0000","level":"INFO","service":"unknown","traceId":"","requestId":"","userId":"","thread":"main","logger":"org.hibernate.Version","message":"HHH000412: Hibernate ORM core version 6.4.4.Final"}
{"timestamp":"2026-04-23T18:30:02.015+0000","level":"INFO","service":"unknown","traceId":"","requestId":"","userId":"","thread":"main","logger":"o.h.c.i.RegionFactoryInitiator","message":"HHH000026: Second-level cache disabled"}
{"timestamp":"2026-04-23T18:30:02.162+0000","level":"INFO","service":"unknown","traceId":"","requestId":"","userId":"","thread":"main","logger":"o.s.o.j.p.SpringPersistenceUnitInfo","message":"No LoadTimeWeaver setup: ignoring JPA class transformer"}
{"timestamp":"2026-04-23T18:30:02.247+0000","level":"WARN","service":"unknown","traceId":"","requestId":"","userId":"","thread":"main","logger":"org.hibernate.orm.deprecation","message":"HHH90000025: H2Dialect does not need to be specified explicitly using 'hibernate.dialect' (remove the property setting and it will be selected by default)"}
{"timestamp":"2026-04-23T18:30:03.454+0000","level":"INFO","service":"unknown","traceId":"","requestId":"","userId":"","thread":"main","logger":"o.h.e.t.j.p.i.JtaPlatformInitiator","message":"HHH000489: No JTA platform available (set 'hibernate.transaction.jta.platform' to enable JTA platform integration)"}
{"timestamp":"2026-04-23T18:30:03.521+0000","level":"INFO","service":"unknown","traceId":"","requestId":"","userId":"","thread":"main","logger":"o.s.o.j.LocalContainerEntityManagerFactoryBean","message":"Initialized JPA EntityManagerFactory for persistence unit 'default'"}
{"timestamp":"2026-04-23T18:30:04.633+0000","level":"WARN","service":"unknown","traceId":"","requestId":"","userId":"","thread":"main","logger":"o.s.b.a.o.j.JpaBaseConfiguration$JpaWebConfiguration","message":"spring.jpa.open-in-view is enabled by default. Therefore, database queries may be performed during view rendering. Explicitly configure spring.jpa.open-in-view to disable this warning"}
{"timestamp":"2026-04-23T18:30:05.370+0000","level":"INFO","service":"unknown","traceId":"","requestId":"","userId":"","thread":"main","logger":"c.o.o.OrderServiceApplicationTests","message":"Started OrderServiceApplicationTests in 7.807 seconds (process running for 9.71)"}
]]></system-out>
  </testcase>
</testsuite>